[2014-07-11 15:58:54.623440]
ERROR
	KeyboardInterrupt
[2014-07-11 15:58:54.623659]
ERROR
	Traceback (most recent call last):
[2014-07-11 15:58:54.623817]
ERROR
	  File "appmain.py", line 30, in <module>
[2014-07-11 15:58:54.623939]
ERROR
	    ser.start()
[2014-07-11 15:58:54.624060]
ERROR
	  File "/home/server/PycharmProjects/traversing/gfirefly/server/server.py", line 151, in start
[2014-07-11 15:58:54.624179]
ERROR
	    reactor.run()
[2014-07-11 15:58:54.624273]
ERROR
	  File "/home/server/PycharmProjects/traversing/gtwisted/core/greactor.py", line 75, in run
[2014-07-11 15:58:54.624403]
ERROR
	    gevent.joinall([gevent.spawn(self.start())])
[2014-07-11 15:58:54.624493]
ERROR
	  File "/home/server/PycharmProjects/traversing/gtwisted/core/greactor.py", line 69, in start
[2014-07-11 15:58:54.624577]
ERROR
	    gevent.sleep(600)
[2014-07-11 15:58:54.624681]
ERROR
	  File "/usr/local/python2.7.6/lib/python2.7/site-packages/gevent-1.0.1-py2.7-linux-x86_64.egg/gevent/hub.py", line 75, in sleep
[2014-07-11 15:58:54.624839]
ERROR
	    hub.wait(loop.timer(seconds, ref=ref))
[2014-07-11 15:58:54.624931]
ERROR
	  File "/usr/local/python2.7.6/lib/python2.7/site-packages/gevent-1.0.1-py2.7-linux-x86_64.egg/gevent/hub.py", line 341, in wait
[2014-07-11 15:58:54.625052]
ERROR
	    result = waiter.get()
[2014-07-11 15:58:54.625141]
ERROR
	  File "/usr/local/python2.7.6/lib/python2.7/site-packages/gevent-1.0.1-py2.7-linux-x86_64.egg/gevent/hub.py", line 568, in get
[2014-07-11 15:58:54.625281]
ERROR
	    return self.hub.switch()
[2014-07-11 15:58:54.625403]
ERROR
	  File "/usr/local/python2.7.6/lib/python2.7/site-packages/gevent-1.0.1-py2.7-linux-x86_64.egg/gevent/hub.py", line 331, in switch
[2014-07-11 15:58:54.625608]
ERROR
	    return greenlet.switch(self)
[2014-07-11 15:58:54.625684]
ERROR
	KeyboardInterrupt
