[2014-07-07 20:53:01.764779]
ERROR
	KeyboardInterrupt
[2014-07-07 20:53:01.764973]
ERROR
	Traceback (most recent call last):
[2014-07-07 20:53:01.765058]
ERROR
	  File "appmain.py", line 30, in <module>
[2014-07-07 20:53:01.765211]
ERROR
	    ser.start()
[2014-07-07 20:53:01.765347]
ERROR
	  File "/home/server/PycharmProjects/traversing/gfirefly/server/server.py", line 151, in start
[2014-07-07 20:53:01.765502]
ERROR
	    reactor.run()
[2014-07-07 20:53:01.765731]
ERROR
	  File "/home/server/PycharmProjects/traversing/gtwisted/core/greactor.py", line 75, in run
[2014-07-07 20:53:01.765873]
ERROR
	    gevent.joinall([gevent.spawn(self.start())])
[2014-07-07 20:53:01.765999]
ERROR
	  File "/home/server/PycharmProjects/traversing/gtwisted/core/greactor.py", line 69, in start
[2014-07-07 20:53:01.766134]
ERROR
	    gevent.sleep(600)
[2014-07-07 20:53:01.766234]
ERROR
	  File "/usr/local/python2.7.6/lib/python2.7/site-packages/gevent-1.0.1-py2.7-linux-x86_64.egg/gevent/hub.py", line 75, in sleep
[2014-07-07 20:53:01.766366]
ERROR
	    hub.wait(loop.timer(seconds, ref=ref))
[2014-07-07 20:53:01.766494]
ERROR
	  File "/usr/local/python2.7.6/lib/python2.7/site-packages/gevent-1.0.1-py2.7-linux-x86_64.egg/gevent/hub.py", line 341, in wait
[2014-07-07 20:53:01.766816]
ERROR
	    result = waiter.get()
[2014-07-07 20:53:01.766916]
ERROR
	  File "/usr/local/python2.7.6/lib/python2.7/site-packages/gevent-1.0.1-py2.7-linux-x86_64.egg/gevent/hub.py", line 568, in get
[2014-07-07 20:53:01.767108]
ERROR
	    return self.hub.switch()
[2014-07-07 20:53:01.767229]
ERROR
	  File "/usr/local/python2.7.6/lib/python2.7/site-packages/gevent-1.0.1-py2.7-linux-x86_64.egg/gevent/hub.py", line 331, in switch
[2014-07-07 20:53:01.767427]
ERROR
	    return greenlet.switch(self)
[2014-07-07 20:53:01.767518]
ERROR
	KeyboardInterrupt
