[2014-06-30 15:47:01.675685]
ERROR
	KeyboardInterrupt
[2014-06-30 15:47:01.675906]
ERROR
	Traceback (most recent call last):
[2014-06-30 15:47:01.675995]
ERROR
	  File "appmain.py", line 30, in <module>
[2014-06-30 15:47:01.705365]
ERROR
	    ser.start()
[2014-06-30 15:47:01.705482]
ERROR
	  File "/home/server/PycharmProjects/traversing/gfirefly/server/server.py", line 157, in start
[2014-06-30 15:47:01.748119]
ERROR
	    reactor.run()
[2014-06-30 15:47:01.748231]
ERROR
	  File "/home/server/PycharmProjects/traversing/gtwisted/core/greactor.py", line 75, in run
[2014-06-30 15:47:01.756849]
ERROR
	    gevent.joinall([gevent.spawn(self.start())])
[2014-06-30 15:47:01.756968]
ERROR
	  File "/home/server/PycharmProjects/traversing/gtwisted/core/greactor.py", line 69, in start
[2014-06-30 15:47:01.757062]
ERROR
	    gevent.sleep(600)
[2014-06-30 15:47:01.757148]
ERROR
	  File "/usr/local/python2.7.6/lib/python2.7/site-packages/gevent-1.0.1-py2.7-linux-x86_64.egg/gevent/hub.py", line 75, in sleep
[2014-06-30 15:47:01.787250]
ERROR
	    hub.wait(loop.timer(seconds, ref=ref))
[2014-06-30 15:47:01.787952]
ERROR
	  File "/usr/local/python2.7.6/lib/python2.7/site-packages/gevent-1.0.1-py2.7-linux-x86_64.egg/gevent/hub.py", line 341, in wait
[2014-06-30 15:47:01.788128]
ERROR
	    result = waiter.get()
[2014-06-30 15:47:01.788214]
ERROR
	  File "/usr/local/python2.7.6/lib/python2.7/site-packages/gevent-1.0.1-py2.7-linux-x86_64.egg/gevent/hub.py", line 568, in get
[2014-06-30 15:47:01.803158]
ERROR
	    return self.hub.switch()
[2014-06-30 15:47:01.803323]
ERROR
	  File "/usr/local/python2.7.6/lib/python2.7/site-packages/gevent-1.0.1-py2.7-linux-x86_64.egg/gevent/hub.py", line 331, in switch
[2014-06-30 15:47:01.803453]
ERROR
	    return greenlet.switch(self)
[2014-06-30 15:47:01.803546]
ERROR
	KeyboardInterrupt
