[2014-06-20 11:12:55.234109]
ERROR
	KeyboardInterrupt
[2014-06-20 11:12:55.234346]
ERROR
	Traceback (most recent call last):
[2014-06-20 11:12:55.234459]
ERROR
	  File "appmain.py", line 30, in <module>
[2014-06-20 11:12:55.277858]
ERROR
	    ser.start()
[2014-06-20 11:12:55.278077]
ERROR
	  File "/home/server/PycharmProjects/traversing/gfirefly/server/server.py", line 156, in start
[2014-06-20 11:12:55.280317]
ERROR
	    reactor.run()
[2014-06-20 11:12:55.280454]
ERROR
	  File "/home/server/PycharmProjects/traversing/gtwisted/core/greactor.py", line 75, in run
[2014-06-20 11:12:55.296433]
ERROR
	    gevent.joinall([gevent.spawn(self.start())])
[2014-06-20 11:12:55.296556]
ERROR
	  File "/home/server/PycharmProjects/traversing/gtwisted/core/greactor.py", line 69, in start
[2014-06-20 11:12:55.296663]
ERROR
	    gevent.sleep(600)
[2014-06-20 11:12:55.296764]
ERROR
	  File "/usr/local/python2.7.6/lib/python2.7/site-packages/gevent-1.0.1-py2.7-linux-x86_64.egg/gevent/hub.py", line 75, in sleep
[2014-06-20 11:12:55.310981]
ERROR
	    hub.wait(loop.timer(seconds, ref=ref))
[2014-06-20 11:12:55.311205]
ERROR
	  File "/usr/local/python2.7.6/lib/python2.7/site-packages/gevent-1.0.1-py2.7-linux-x86_64.egg/gevent/hub.py", line 341, in wait
[2014-06-20 11:12:55.311350]
ERROR
	    result = waiter.get()
[2014-06-20 11:12:55.311442]
ERROR
	  File "/usr/local/python2.7.6/lib/python2.7/site-packages/gevent-1.0.1-py2.7-linux-x86_64.egg/gevent/hub.py", line 568, in get
[2014-06-20 11:12:55.311581]
ERROR
	    return self.hub.switch()
[2014-06-20 11:12:55.311675]
ERROR
	  File "/usr/local/python2.7.6/lib/python2.7/site-packages/gevent-1.0.1-py2.7-linux-x86_64.egg/gevent/hub.py", line 331, in switch
[2014-06-20 11:12:55.311790]
ERROR
	    return greenlet.switch(self)
[2014-06-20 11:12:55.311898]
ERROR
	KeyboardInterrupt
