20|10/01/14 19:54:08 Log opened.
20|10/01/14 19:54:08 # 启动监听： <class 'gevent.pywsgi.WSGIServer'>
20|10/01/14 19:54:08 # 启动监听： <class 'gevent.server.StreamServer'>
20|10/01/14 19:54:10 Log opened.
20|10/01/14 19:54:10 Log opened.
20|10/01/14 19:54:10 Log opened.
20|10/01/14 19:54:10 # 启动监听： <class 'gevent.server.StreamServer'>
20|10/01/14 19:54:10 # 启动监听： <class 'gevent.pywsgi.WSGIServer'>
20|10/01/14 19:54:10 Log opened.
20|10/01/14 19:54:10 Log opened.
20|10/01/14 19:54:10 Log opened.
20|10/01/14 19:54:10 # 启动监听： <class 'gevent.server.StreamServer'>
20|10/01/14 19:54:10 admin start...
20|10/01/14 19:54:10 admin pid: 5333
20|10/01/14 19:54:10 #1 node [admin] takeProxy ready
20|10/01/14 19:54:10 #2 node [admin] takeProxy ready
20|10/01/14 19:54:10 transit start...
20|10/01/14 19:54:10 transit pid: 5334
20|10/01/14 19:54:10 #1 node [transit] takeProxy ready
20|10/01/14 19:54:10 #2 node [transit] takeProxy ready
20|10/01/14 19:54:10 # 启动监听： <class 'gevent.pywsgi.WSGIServer'>
20|10/01/14 19:54:10 # 启动监听： <class 'gevent.server.StreamServer'>
20|10/01/14 19:54:10 Log opened.
20|10/01/14 19:54:10 Log opened.
20|10/01/14 19:54:10 # 启动监听： <class 'gevent.server.StreamServer'>
20|10/01/14 19:54:10 Log opened.
20|10/01/14 19:54:10 # 启动监听： <class 'gevent.pywsgi.WSGIServer'>
20|10/01/14 19:54:10 login start...
20|10/01/14 19:54:10 #1 node [login] takeProxy ready
20|10/01/14 19:54:10 #2 node [login] takeProxy ready
20|10/01/14 19:54:10 login pid: 5340
20|10/01/14 19:54:10 battle start...
20|10/01/14 19:54:10 battle pid: 5338
20|10/01/14 19:54:10 #1 node [battle] takeProxy ready
20|10/01/14 19:54:10 #2 node [battle] takeProxy ready
20|10/01/14 19:54:10 net start...
20|10/01/14 19:54:10 net pid: 5341
20|10/01/14 19:54:10 #1 node [net] takeProxy ready
20|10/01/14 19:54:10 #2 node [net] takeProxy ready
20|10/01/14 19:54:10 Log opened.
20|10/01/14 19:54:10 MA start...
20|10/01/14 19:54:10 MA pid: 5332
20|10/01/14 19:54:10 #1 node [MA] takeProxy ready
20|10/01/14 19:54:10 #2 node [MA] takeProxy ready
20|10/01/14 19:54:10 # 启动监听： <class 'gevent.server.StreamServer'>
20|10/01/14 19:54:10 gate start...
20|10/01/14 19:54:10 gate pid: 5339
20|10/01/14 19:54:10 #1 node [gate] takeProxy ready
20|10/01/14 19:54:10 call method remote_connect on service[proxy]
20|10/01/14 19:54:10 #1 node [net] takeProxy ready
20|10/01/14 19:54:10 #2 node [net] takeProxy ready
20|10/01/14 19:54:10 call method remote_connect on service[proxy]
20|10/01/14 19:54:10 call method remote_connect on service[proxy]
20|10/01/14 19:54:10 #2 node [gate] takeProxy ready
20|10/01/14 19:54:11 chat start...
20|10/01/14 19:54:11 chat pid: 5337
20|10/01/14 19:54:11 #1 node [chat] takeProxy ready
20|10/01/14 19:54:11 call method remote_connect on service[proxy]
20|10/01/14 19:54:11 #1 node [chat] takeProxy ready
20|10/01/14 19:54:11 #2 node [chat] takeProxy ready
20|10/01/14 19:54:11 #2 node [chat] takeProxy ready
20|10/01/14 19:54:13 game start...
20|10/01/14 19:54:13 game pid: 5336
20|10/01/14 19:54:13 #1 node [game] takeProxy ready
20|10/01/14 19:54:13 call method remote_connect on service[proxy]
20|10/01/14 19:54:13 #1 node [game] takeProxy ready
20|10/01/14 19:54:13 #2 node [game] takeProxy ready
20|10/01/14 19:54:13 call method remote_connect on service[proxy]
20|10/01/14 19:54:13 #1 node [game] takeProxy ready
20|10/01/14 19:54:13 #2 node [game] takeProxy ready
20|10/01/14 19:54:13 #2 node [game] takeProxy ready
20|10/01/14 19:54:18 dbfront start...
20|10/01/14 19:54:18 dbfront pid: 5335
20|10/01/14 19:54:18 #1 node [dbfront] takeProxy ready
20|10/01/14 19:54:18 #2 node [dbfront] takeProxy ready
20|10/01/14 20:05:42 Client 1 login in.[192.168.10.221,61615]
20|10/01/14 20:05:42 call method Forwarding_0 on service[single]
20|10/01/14 20:05:42 forwarding_0++++++++++++++++++++++++++++++++++++
20|10/01/14 20:05:42 call method forwarding on service[rootservice]
20|10/01/14 20:05:42 call method server_login_2 on service:[gate_local_service]
20|10/01/14 20:05:42 rpc account verify: 5d08919e496311e4840e080027a4fa58
20|10/01/14 20:05:42 verify result: {'result': True, 'uuid': u'95281f44454011e48472080027a4fa58'}
20|10/01/14 20:05:42 login uuid: 95281f44454011e48472080027a4fa58
20|10/01/14 20:05:42 add user: <app.gate.core.user.User object at 0x3200e10>
20|10/01/14 20:05:42 call method Forwarding_0 on service[single]
20|10/01/14 20:05:42 forwarding_0++++++++++++++++++++++++++++++++++++
20|10/01/14 20:05:42 call method forwarding on service[rootservice]
20|10/01/14 20:05:42 call method character_login_4 on service:[gate_local_service]
20|10/01/14 20:05:42 user_id: 1
20|10/01/14 20:05:42 call method enter_scene_601 on service[gateremote]
20|10/01/14 20:05:42 character_id 1034
20|10/01/14 20:05:43 {'last_login': 1412142338, 'continuous_day': [1, 1], 'cumulative_day': [1, 1], 'cumulative_received': [], 'continuous_received': []} <type 'dict'>
20|10/01/14 20:05:43 time.struct_time(tm_year=2014, tm_mon=10, tm_mday=1, tm_hour=13, tm_min=45, tm_sec=38, tm_wday=2, tm_yday=274, tm_isdst=0) <type 'time.struct_time'>
10|10/01/14 20:05:43 character info:----------------------
10|10/01/14 20:05:43 vip_level: 3
10|10/01/14 20:05:43 stamina: 120
10|10/01/14 20:05:43 coin: 299990000
10|10/01/14 20:05:43 gold: 99997320
10|10/01/14 20:05:43 hero_soul: 2000000
20|10/01/14 20:05:43 call method login_chat_1001 on service[nodeservice]
20|10/01/14 20:05:43 call method Forwarding_0 on service[single]
20|10/01/14 20:05:43 forwarding_0++++++++++++++++++++++++++++++++++++
20|10/01/14 20:05:43 call method forwarding on service[rootservice]
20|10/01/14 20:05:43 call method get_equipments_401 on service[gateremote]
20|10/01/14 20:05:43 call method Forwarding_0 on service[single]
20|10/01/14 20:05:43 forwarding_0++++++++++++++++++++++++++++++++++++
20|10/01/14 20:05:43 call method forwarding on service[rootservice]
20|10/01/14 20:05:43 call method get_equipment_chips_407 on service[gateremote]
20|10/01/14 20:05:43 call method Forwarding_0 on service[single]
20|10/01/14 20:05:43 forwarding_0++++++++++++++++++++++++++++++++++++
20|10/01/14 20:05:43 call method forwarding on service[rootservice]
20|10/01/14 20:05:43 call method get_stages_901 on service[gateremote]
20|10/01/14 20:05:43 call method Forwarding_0 on service[single]
20|10/01/14 20:05:43 forwarding_0++++++++++++++++++++++++++++++++++++
20|10/01/14 20:05:43 call method forwarding on service[rootservice]
20|10/01/14 20:05:43 call method get_heros_101 on service[gateremote]
20|10/01/14 20:05:43 call method Forwarding_0 on service[single]
20|10/01/14 20:05:43 forwarding_0++++++++++++++++++++++++++++++++++++
20|10/01/14 20:05:43 call method forwarding on service[rootservice]
20|10/01/14 20:05:43 call method get_hero_chips_108 on service[gateremote]
20|10/01/14 20:05:43 call method Forwarding_0 on service[single]
20|10/01/14 20:05:43 forwarding_0++++++++++++++++++++++++++++++++++++
20|10/01/14 20:05:43 call method forwarding on service[rootservice]
20|10/01/14 20:05:43 call method get_items_301 on service[gateremote]
20|10/01/14 20:05:43 call method Forwarding_0 on service[single]
20|10/01/14 20:05:43 forwarding_0++++++++++++++++++++++++++++++++++++
20|10/01/14 20:05:43 call method forwarding on service[rootservice]
20|10/01/14 20:05:43 call method get_chapter_902 on service[gateremote]
20|10/01/14 20:05:43 call method Forwarding_0 on service[single]
20|10/01/14 20:05:43 forwarding_0++++++++++++++++++++++++++++++++++++
20|10/01/14 20:05:43 call method forwarding on service[rootservice]
20|10/01/14 20:05:43 call method get_line_up_info_701 on service[gateremote]
20|10/01/14 20:05:43 call method Forwarding_0 on service[single]
20|10/01/14 20:05:43 forwarding_0++++++++++++++++++++++++++++++++++++
20|10/01/14 20:05:43 call method forwarding on service[rootservice]
20|10/01/14 20:05:43 call method get_all_mail_info_1301 on service[gateremote]
20|10/01/14 20:05:43 call method Forwarding_0 on service[single]
20|10/01/14 20:05:43 forwarding_0++++++++++++++++++++++++++++++++++++
20|10/01/14 20:05:43 call method forwarding on service[rootservice]
20|10/01/14 20:05:43 call method get_eat_time_821 on service[gateremote]
20|10/01/14 20:05:43 call method Forwarding_0 on service[single]
20|10/01/14 20:05:43 forwarding_0++++++++++++++++++++++++++++++++++++
20|10/01/14 20:05:43 call method forwarding on service[rootservice]
20|10/01/14 20:05:43 call method get_sign_in_1400 on service[gateremote]
20|10/01/14 20:05:43 get_sign_in: [] 1034
20|10/01/14 20:05:43 call method Forwarding_0 on service[single]
20|10/01/14 20:05:43 forwarding_0++++++++++++++++++++++++++++++++++++
20|10/01/14 20:05:43 call method forwarding on service[rootservice]
20|10/01/14 20:05:43 call method get_online_and_level_gift_data_1120 on service[gateremote]
20|10/01/14 20:05:43 call method Forwarding_0 on service[single]
20|10/01/14 20:05:43 forwarding_0++++++++++++++++++++++++++++++++++++
20|10/01/14 20:05:43 call method forwarding on service[rootservice]
20|10/01/14 20:05:43 call method init_login_gift_825 on service[gateremote]
20|10/01/14 20:05:43 call method Forwarding_0 on service[single]
20|10/01/14 20:05:43 forwarding_0++++++++++++++++++++++++++++++++++++
20|10/01/14 20:05:43 call method forwarding on service[rootservice]
20|10/01/14 20:05:43 call method get_player_friend_list_1106 on service[gateremote]
20|10/01/14 20:06:13 +++++++++++++++++++++++++++++88++++++++++++++++++++++++++++++++++++++++
20|10/01/14 20:06:43 +++++++++++++++++++++++++++++88++++++++++++++++++++++++++++++++++++++++
20|10/01/14 20:07:13 +++++++++++++++++++++++++++++88++++++++++++++++++++++++++++++++++++++++
20|10/01/14 20:07:43 +++++++++++++++++++++++++++++88++++++++++++++++++++++++++++++++++++++++
20|10/01/14 20:08:13 +++++++++++++++++++++++++++++88++++++++++++++++++++++++++++++++++++++++
20|10/01/14 20:08:43 +++++++++++++++++++++++++++++88++++++++++++++++++++++++++++++++++++++++
20|10/01/14 20:09:13 +++++++++++++++++++++++++++++88++++++++++++++++++++++++++++++++++++++++
20|10/01/14 20:09:43 +++++++++++++++++++++++++++++88++++++++++++++++++++++++++++++++++++++++
20|10/01/14 20:10:13 +++++++++++++++++++++++++++++88++++++++++++++++++++++++++++++++++++++++
20|10/01/14 20:10:43 +++++++++++++++++++++++++++++88++++++++++++++++++++++++++++++++++++++++
20|10/01/14 20:11:13 +++++++++++++++++++++++++++++88++++++++++++++++++++++++++++++++++++++++
20|10/01/14 20:11:43 +++++++++++++++++++++++++++++88++++++++++++++++++++++++++++++++++++++++
20|10/01/14 20:12:13 +++++++++++++++++++++++++++++88++++++++++++++++++++++++++++++++++++++++
20|10/01/14 20:12:43 +++++++++++++++++++++++++++++88++++++++++++++++++++++++++++++++++++++++
20|10/01/14 20:13:13 +++++++++++++++++++++++++++++88++++++++++++++++++++++++++++++++++++++++
20|10/01/14 20:13:43 +++++++++++++++++++++++++++++88++++++++++++++++++++++++++++++++++++++++
20|10/01/14 20:14:13 +++++++++++++++++++++++++++++88++++++++++++++++++++++++++++++++++++++++
20|10/01/14 20:14:43 +++++++++++++++++++++++++++++88++++++++++++++++++++++++++++++++++++++++
20|10/01/14 20:15:13 +++++++++++++++++++++++++++++88++++++++++++++++++++++++++++++++++++++++
20|10/01/14 20:15:43 +++++++++++++++++++++++++++++88++++++++++++++++++++++++++++++++++++++++
20|10/01/14 20:16:13 +++++++++++++++++++++++++++++88++++++++++++++++++++++++++++++++++++++++
20|10/01/14 20:16:43 +++++++++++++++++++++++++++++88++++++++++++++++++++++++++++++++++++++++
20|10/01/14 20:17:13 +++++++++++++++++++++++++++++88++++++++++++++++++++++++++++++++++++++++
20|10/01/14 20:17:43 +++++++++++++++++++++++++++++88++++++++++++++++++++++++++++++++++++++++
20|10/01/14 20:18:13 +++++++++++++++++++++++++++++88++++++++++++++++++++++++++++++++++++++++
20|10/01/14 20:18:43 +++++++++++++++++++++++++++++88++++++++++++++++++++++++++++++++++++++++
20|10/01/14 20:19:13 +++++++++++++++++++++++++++++88++++++++++++++++++++++++++++++++++++++++
20|10/01/14 20:19:43 +++++++++++++++++++++++++++++88++++++++++++++++++++++++++++++++++++++++
20|10/01/14 20:20:14 +++++++++++++++++++++++++++++88++++++++++++++++++++++++++++++++++++++++
20|10/01/14 20:20:44 +++++++++++++++++++++++++++++88++++++++++++++++++++++++++++++++++++++++
20|10/01/14 20:21:14 +++++++++++++++++++++++++++++88++++++++++++++++++++++++++++++++++++++++
20|10/01/14 20:21:44 +++++++++++++++++++++++++++++88++++++++++++++++++++++++++++++++++++++++
20|10/01/14 20:22:14 +++++++++++++++++++++++++++++88++++++++++++++++++++++++++++++++++++++++
20|10/01/14 20:22:44 +++++++++++++++++++++++++++++88++++++++++++++++++++++++++++++++++++++++
20|10/01/14 20:23:14 +++++++++++++++++++++++++++++88++++++++++++++++++++++++++++++++++++++++
20|10/01/14 20:23:44 +++++++++++++++++++++++++++++88++++++++++++++++++++++++++++++++++++++++
20|10/01/14 20:24:14 +++++++++++++++++++++++++++++88++++++++++++++++++++++++++++++++++++++++
20|10/01/14 20:24:44 +++++++++++++++++++++++++++++88++++++++++++++++++++++++++++++++++++++++
20|10/01/14 20:25:14 +++++++++++++++++++++++++++++88++++++++++++++++++++++++++++++++++++++++
20|10/01/14 20:25:44 +++++++++++++++++++++++++++++88++++++++++++++++++++++++++++++++++++++++
