
{
	gl.supports_vertex_array_object: true
	cocos2d.x.version: quick-cocos2d-x 3.3
	gl.vendor: NVIDIA Corporation
	gl.supports_PVRTC: false
	gl.renderer: NVIDIA GeForce GTX 650 OpenGL Engine
	cocos2d.x.compiled_with_profiler: false
	gl.max_texture_size: 16384
	gl.supports_ETC1: false
	gl.supports_BGRA8888: false
	cocos2d.x.build_type: DEBUG
	gl.supports_discard_framebuffer: false
	gl.supports_NPOT: true
	gl.supports_S3TC: true
	gl.version: 2.1 NVIDIA-10.1.43 343.01.01f01
	gl.supports_ATITC: false
	gl.max_texture_units: 16
	cocos2d.x.compiled_with_gl_state_cache: true
}


Quick-Cocos2d-x C++ support ready.
------------------------------------------------
LOAD LUA FILE: /Users/hack/work/transfer/TTransfer/src/src/main.lua
------------------------------------------------
Get data from file(/Users/hack/work/transfer/TTransfer/src/src/main.lua) failed!
